
kvfs_init()
    conn:
    proto_major = 7
    proto_minor = 23
    async_read = 1
    max_write = 131072
    max_readahead = 131072
    capable = 00000ffb
    want = 00000010
    max_background = 0
    congestion_threshold = 0
    context:
    fuse = 01a954d0
    uid = 0
    gid = 0
    pid = 0
    private_data = 01a94010
    logfile = 01a95040
    rootdir = /home/anubhabmajumdar/kvfs_test
    umask = 00000
    kvfs_fullpath:  path = "/.Trash"

 inside kvfs_getattr_impl with path = 3817cedc0f64e53325cfc4665db1f668
    ERROR Getattr_impl: No such file or directory
    kvfs_fullpath:  path = "/.Trash-1000"

 inside kvfs_getattr_impl with path = e1b26379a002c5193694f34734931754
    ERROR Getattr_impl: No such file or directory
    kvfs_fullpath:  path = "/hello.txt"

 inside kvfs_getattr_impl with path = 0c5850a3a53201bf22c888a39528c4c1
    ERROR Getattr_impl: No such file or directory

 inside kvfs_mknod_impl with mode = 33204
    kvfs_fullpath:  path = "/hello.txt"

 inside kvfs_getattr_impl with path = 0c5850a3a53201bf22c888a39528c4c1

 inside kvfs_open_impl

kvfs_flush(path="0c5850a3a53201bf22c888a39528c4c1", fi=0x474b9d10)
    fi:
    flags = 0x00000000
    fh_old = 0x00000000
    writepage = 0
    direct_io = 0
    keep_cache = 0
    fh = 0x0000000000000000
    lock_owner = 0x47d47f6de969ca55

 inside kvfs_utime_impl
    kvfs_fullpath:  path = "/hello.txt"

 inside kvfs_getattr_impl with path = 0c5850a3a53201bf22c888a39528c4c1

kvfs_flush(path="0c5850a3a53201bf22c888a39528c4c1", fi=0x474b9d10)
    fi:
    flags = 0x00000000
    fh_old = 0x00000000
    writepage = 0
    direct_io = 0
    keep_cache = 0
    fh = 0x0000000000000000
    lock_owner = 0x47d47f6de969ca55

 inside kvfs_release_impl
    kvfs_fullpath:  path = "/"

 inside kvfs_getattr_impl with path = 6666cd76f96956469e7be39d750cc7d9

 inside kvfs_opendir_impl with path = 6666cd76f96956469e7be39d750cc7d9 

 res = 939527808 

 inside kvfs_readdir_impl with path = 6666cd76f96956469e7be39d750cc7d9 

 inside kvfs_releasedir_impl

 inside kvfs_open_impl

 inside kvfs_truncate_impl
    kvfs_fullpath:  path = "/hello.txt"

 inside kvfs_getattr_impl with path = 0c5850a3a53201bf22c888a39528c4c1

kvfs_flush(path="0c5850a3a53201bf22c888a39528c4c1", fi=0x474b9d10)
    fi:
    flags = 0x00000000
    fh_old = 0x00000000
    writepage = 0
    direct_io = 0
    keep_cache = 0
    fh = 0x0000000000000000
    lock_owner = 0x47d47f6de969ca55

 inside kvfs_write_impl

 inside kvfs_write_impl

 inside kvfs_write_impl

 inside kvfs_write_impl

 inside kvfs_write_impl

kvfs_flush(path="0c5850a3a53201bf22c888a39528c4c1", fi=0x474b9d10)
    fi:
    flags = 0x00000000
    fh_old = 0x00000000
    writepage = 0
    direct_io = 0
    keep_cache = 0
    fh = 0x0000000000000000
    lock_owner = 0x47d47f6de969ca55

 inside kvfs_release_impl
    kvfs_fullpath:  path = "/hello.txt"

 inside kvfs_getattr_impl with path = 0c5850a3a53201bf22c888a39528c4c1

 inside kvfs_open_impl

 inside kvfs_read_impl

 inside kvfs_read_impl

 inside kvfs_fgetattr_impl

kvfs_flush(path="0c5850a3a53201bf22c888a39528c4c1", fi=0x46cb8d10)
    fi:
    flags = 0x00000000
    fh_old = 0x00000000
    writepage = 0
    direct_io = 0
    keep_cache = 0
    fh = 0x0000000000000000
    lock_owner = 0x47d47f6de969ca55

 inside kvfs_release_impl
    kvfs_fullpath:  path = "/"

 inside kvfs_getattr_impl with path = 6666cd76f96956469e7be39d750cc7d9
    kvfs_fullpath:  path = "/"

 Inside kvfs_access_impl with mask = 1 

 inside kvfs_opendir_impl with path = 6666cd76f96956469e7be39d750cc7d9 

 res = 939533744 

 inside kvfs_releasedir_impl

 inside kvfs_statfs_impl
    kvfs_fullpath:  path = "/folder"

 inside kvfs_getattr_impl with path = 17ec7b8627ff28e5e1b1dad6c63bb003
    ERROR Getattr_impl: No such file or directory

 inside kvfs_mkdir_impl with mode = 509
    kvfs_fullpath:  path = "/folder"

 inside kvfs_getattr_impl with path = 17ec7b8627ff28e5e1b1dad6c63bb003
    kvfs_fullpath:  path = "/"

 inside kvfs_getattr_impl with path = 6666cd76f96956469e7be39d750cc7d9

 inside kvfs_opendir_impl with path = 6666cd76f96956469e7be39d750cc7d9 

 res = 939533744 

 inside kvfs_readdir_    kvfs_fullpath:  path = "/"

 inside kvfs_getattr_impl with path = 6666cd76f96956469e7be39d750cc7d9
    kvfs_fullpath:  path = "/"

 Inside kvfs_access_impl with mask = 1 
    kvfs_fullpath:  path = "/"

 inside kvfs_getattr_impl with path = 6666cd76f96956469e7be39d750cc7d9
    kvfs_fullpath:  path = "/a"

 inside kvfs_getattr_impl with path = 0639767f3e9eaad729b54037a7e2abf5
    ERROR Getattr_impl: No such file or directory

 inside kvfs_mkdir_impl with mode = 509
    kvfs_fullpath:  path = "/a"

 inside kvfs_getattr_impl with path = 0639767f3e9eaad729b54037a7e2abf5

 inside kvfs_opendir_impl with path = 6666cd76f96956469e7be39d750cc7d9 

 res = 671096112 

 inside kvfs_readdir_impl with path = 6666cd76f96956469e7be39d750cc7d9 

 inside kvfs_releasedir_impl

 inside kvfs_opendir_impl with path = 6666cd76f96956469e7be39d750cc7d9 

 res = 671096256 

 inside kvfs_readdir_impl with path = 6666cd76f96956469e7be39d750cc7d9 

 inside kvfs_releasedir_impl

 inside kvfs_opendir_impl with path = 6666cd76f96956469e7be39d750cc7d9 

 res = 671096400 

 inside kvfs_readdir_impl with path = 6666cd76f96956469e7be39d750cc7d9 

 inside kvfs_releasedir_impl

 inside kvfs_opendir_impl with path = 6666cd76f96956469e7be39d750cc7d9 

 res = 671096544 

 inside kvfs_readdir_impl with path = 6666cd76f96956469e7be39d750cc7d9 

 inside kvfs_releasedir_impl
    kvfs_fullpath:  path = "/"

 inside kvfs_getattr_impl with path = 6666cd76f96956469e7be39d750cc7d9
    kvfs_fullpath:  path = "/a"

 inside kvfs_getattr_impl with path = 0639767f3e9eaad729b54037a7e2abf5

 inside kvfs_chown_impl
1000-1
 res = 0 
    kvfs_fullpath:  path = "/a"

 inside kvfs_getattr_impl with path = 0639767f3e9eaad729b54037a7e2abf5

 inside kvfs_opendir_impl with path = 6666cd76f96956469e7be39d750cc7d9 

 res = 536879712 

 inside kvfs_readdir_impl with path = 6666cd76f96956469e7be39d750cc7d9 
    kvfs_fullpath:  path = "/0639767f3e9eaad729b54037a7e2abf5"

 inside kvfs_getattr_impl with path = 2d40948ab92163a5933beb7a7efc92a7
    ERROR Getattr_impl: No such file or directory

 inside kvfs_releasedir_impl
    kvfs_fullpath:  path = "/a"

 inside kvfs_getattr_impl with path = 0639767f3e9eaad729b54037a7e2abf5

 inside kvfs_chown_impl
1000-1
 res = 0 
    kvfs_fullpath:  path = "/a"

 inside kvfs_getattr_impl with path = 0639767f3e9eaad729b54037a7e2abf5
    kvfs_fullpath:  path = "/hello.txt"

 inside kvfs_getattr_impl with path = 0c5850a3a53201bf22c888a39528c4c1
    ERROR Getattr_impl: No such file or directory

 inside kvfs_mknod_impl with mode = 33204
    kvfs_fullpath:  path = "/hello.txt"

 inside kvfs_getattr_impl with path = 0c5850a3a53201bf22c888a39528c4c1

 inside kvfs_open_impl

kvfs_flush(path="0c5850a3a53201bf22c888a39528c4c1", fi=0x2cc29d10)
    fi:
    flags = 0x00000000
    fh_old = 0x00000000
    writepage = 0
    direct_io = 0
    keep_cache = 0
    fh = 0x0000000000000000
    lock_owner = 0x981e4877e4fe8a0f

 inside kvfs_write_impl

kvfs_flush(path="0c5850a3a53201bf22c888a39528c4c1", fi=0x2cc29d10)
    fi:
    flags = 0x00000000
    fh_old = 0x00000000
    writepage = 0
    direct_io = 0
    keep_cache = 0
    fh = 0x0000000000000000
    lock_owner = 0x981e4877e4fe8a0f

 inside kvfs_release_impl
    kvfs_fullpath:  path = "/hello.txt"

 inside kvfs_getattr_impl with path = 0c5850a3a53201bf22c888a39528c4c1

 inside kvfs_open_impl

 inside kvfs_read_impl

 inside kvfs_fgetattr_impl

kvfs_flush(path="0c5850a3a53201bf22c888a39528c4c1", fi=0x2cc29d10)
    fi:
    flags = 0x00000000
    fh_old = 0x00000000
    writepage = 0
    direct_io = 0
    keep_cache = 0
    fh = 0x0000000000000000
    lock_owner = 0x7412eeba48715405

 inside kvfs_release_impl

 inside kvfs_opendir_impl with path = 6666cd76f96956469e7be39d750cc7d9 

 res = 671102816 

 inside kvfs_readdir_impl with path = 6666cd76f96956469e7be39d750cc7d9 

 inside kvfs_releasedir_impl

 inside kvfs_opendir_impl with path = 6666cd76f96956469e7be39d750cc7d9 

 res = 671102816 

 inside kvfs_readdir_impl with path = 6666cd76f96956469e7be39d750cc7d9 

 inside kvfs_releasedir_impl

 inside kvfs_opendir_impl with path = 6666cd76f96956469e7be39d750cc7d9 

 res = 671102816 

 inside kvfs_readdir_impl with path = 6666cd76f96956469e7be39d750cc7d9 

 inside kvfs_releasedir_impl

 inside kvfs_opendir_impl with path = 6666cd76f96956469e7be39d750cc7d9 

 res = 671102816 

 inside kvfs_readdir_impl with path = 6666cd76f96956469e7be39d750cc7d9 

 inside kvfs_releasedir_impl
    kvfs_fullpath:  path = "/"

 inside kvfs_getattr_impl with path = 6666cd76f96956469e7be39d750cc7d9
    kvfs_fullpath:  path = "/hello.txt"

 inside kvfs_getattr_impl with path = 0c5850a3a53201bf22c888a39528c4c1

 inside kvfs_chown_impl
1000-1
 res = 0 
    kvfs_fullpath:  path = "/hello.txt"

 inside kvfs_getattr_impl with path = 0c5850a3a53201bf22c888a39528c4c1

 inside kvfs_opendir_impl with path = 6666cd76f96956469e7be39d750cc7d9 

 res = 536883072 

 inside kvfs_readdir_impl with path = 6666cd76f96956469e7be39d750cc7d9 
    kvfs_fullpath:  path = "/0639767f3e9eaad729b54037a7e2abf5"

 inside kvfs_getattr_impl with path = 2d40948ab92163a5933beb7a7efc92a7
    ERROR Getattr_impl: No such file or directory
    kvfs_fullpath:  path = "/0c5850a3a53201bf22c888a39528c4c1"

 inside kvfs_getattr_impl with path = 0d59f09f04c6d82250cad7ea26d0cf08
    ERROR Getattr_impl: No such file or directory

 inside kvfs_releasedir_impl
    kvfs_fullpath:  path = "/hello.txt"

 inside kvfs_getattr_impl with path = 0c5850a3a53201bf22c888a39528c4c1
    kvfs_fullpath:  path = "/hello.txt"

 Inside kvfs_access_impl with mask = 2 

 inside kvfs_unlink_impl
    kvfs_fullpath:  path = "/"

 inside kvfs_getattr_impl with path = 6666cd76f96956469e7be39d750cc7d9
    kvfs_fullpath:  path = "/a"

 inside kvfs_getattr_impl with path = 0639767f3e9eaad729b54037a7e2abf5

 inside kvfs_rmdir_impl

 inside kvfs_opendir_impl with path = 6666cd76f96956469e7be39d750cc7d9 

 res = 536884256 

 inside kvfs_readdir_impl with path = 6666cd76f96956469e7be39d750cc7d9 

 inside kvfs_releasedir_impl
    kvfs_fullpath:  path = "/"

 inside kvfs_getattr_impl with path = 6666cd76f96956469e7be39d750cc7d9
    kvfs_fullpath:  path = "/"

 inside kvfs_getattr_impl with path = 6666cd76f96956469e7be39d750cc7d9
    kvfs_fullpath:  path = "/"

 Inside kvfs_access_impl with mask = 1 
    kvfs_fullpath:  path = "/"

 inside kvfs_getattr_impl with path = 6666cd76f96956469e7be39d750cc7d9

 inside kvfs_statfs_impl

 inside kvfs_opendir_impl with path = 6666cd76f96956469e7be39d750cc7d9 

 res = 671102816 

 inside kvfs_readdir_impl with path = 6666cd76f96956469e7be39d750cc7d9 
    kvfs_fullpath:  path = "/"

 inside kvfs_getattr_impl with path = 6666cd76f96956469e7be39d750cc7d9

 inside kvfs_releasedir_impl
    kvfs_fullpath:  path = "/hello.txt"

 inside kvfs_getattr_impl with path = 0c5850a3a53201bf22c888a39528c4c1
    ERROR Getattr_impl: No such file or directory

 inside kvfs_mknod_impl with mode = 33204
    kvfs_fullpath:  path = "/hello.txt"

 inside kvfs_getattr_impl with path = 0c5850a3a53201bf22c888a39528c4c1

 inside kvfs_open_impl

kvfs_flush(path="0c5850a3a53201bf22c888a39528c4c1", fi=0x2cc29d10)
    fi:
    flags = 0x00000000
    fh_old = 0x00000000
    writepage = 0
    direct_io = 0
    keep_cache = 0
    fh = 0x0000000000000000
    lock_owner = 0x981e4877e4fe8a0f

 inside kvfs_write_impl

kvfs_flush(path="0c5850a3a53201bf22c888a39528c4c1", fi=0x2cc29d10)
    fi:
    flags = 0x00000000
    fh_old = 0x00000000
    writepage = 0
    direct_io = 0
    keep_cache = 0
    fh = 0x0000000000000000
    lock_owner = 0x981e4877e4fe8a0f

 inside kvfs_release_impl
    kvfs_fullpath:  path = "/"

 inside kvfs_getattr_impl with path = 6666cd76f96956469e7be39d750cc7d9

 inside kvfs_statfs_impl

 inside kvfs_opendir_impl with path = 6666cd76f96956469e7be39d750cc7d9 

 res = 671102912 

 inside kvfs_readdir_impl with path = 6666cd76f96956469e7be39d750cc7d9 
    kvfs_fullpath:  path = "/"

 inside kvfs_getattr_impl with path = 6666cd76f96956469e7be39d750cc7d9
    kvfs_fullpath:  path = "/0c5850a3a53201bf22c888a39528c4c1"

 inside kvfs_getattr_impl with path = 0d59f09f04c6d82250cad7ea26d0cf08
    ERROR Getattr_impl: No such file or directory

 inside kvfs_releasedir_impl
    kvfs_fullpath:  path = "/hello.txt"

 inside kvfs_getattr_impl with path = 0c5850a3a53201bf22c888a39528c4c1

 inside kvfs_open_impl

kvfs_flush(path="0c5850a3a53201bf22c888a39528c4c1", fi=0x27ffed10)
    fi:
    flags = 0x00000000
    fh_old = 0x00000000
    writepage = 0
    direct_io = 0
    keep_cache = 0
    fh = 0x0000000000000000
    lock_owner = 0x7412eeba48715405

 inside kvfs_release_impl

 inside kvfs_opendir_impl with path = 6666cd76f96956469e7be39d750cc7d9 

 res = 536886656 

 inside kvfs_readdir_impl with path = 6666cd76f96956469e7be39d750cc7d9 
    kvfs_fullpath:  path = "/"

 inside kvfs_getattr_impl with path = 6666cd76f96956469e7be39d750cc7d9
    kvfs_fullpath:  path = "/0c5850a3a53201bf22c888a39528c4c1"

 inside kvfs_getattr_impl with path = 0d59f09f04c6d82250cad7ea26d0cf08
    ERROR Getattr_impl: No such file or directory

 inside kvfs_releasedir_impl
